2025/03/21 13:42:58 Checking Slack status...
2025/03/21 13:42:59 Connected as: Roman Gerlovin
2025/03/21 13:42:59 Connecting to Slack WebSocket...
2025/03/21 13:51:36 Checking Slack status...
2025/03/21 13:51:37 Connected as: Roman Gerlovin
2025/03/21 13:51:37 Connecting to Slack WebSocket...
2025/03/21 13:52:01 Checking Slack status...
2025/03/21 13:52:01 Connected as: Roman Gerlovin
2025/03/21 13:52:01 Connecting to Slack WebSocket...
2025/03/21 13:52:15 Checking Slack status...
2025/03/21 13:52:15 Connected as: Roman Gerlovin
2025/03/21 13:52:15 Connecting to Slack WebSocket...
2025/03/21 13:52:15 Outside working hours. Next working time: 2025-03-21 17:00:00
2025/03/21 13:54:29 ERROR: Failed to initialize schedule: failed to load timezone: not a directory
2025/03/21 14:00:17 Checking Slack status...
2025/03/21 14:00:18 Connected as: Roman Gerlovin
2025/03/21 14:00:18 Connecting to Slack WebSocket...
2025/03/21 14:00:33 Checking Slack status...
2025/03/21 14:00:34 Connected as: Roman Gerlovin
2025/03/21 14:00:34 Connecting to Slack WebSocket...
2025/03/21 14:01:08 Checking Slack status...
2025/03/21 14:01:08 Connected as: Roman Gerlovin
2025/03/21 14:01:08 Connecting to Slack WebSocket...
2025/03/21 14:01:31 Checking Slack status...
2025/03/21 14:01:32 Connected as: Roman Gerlovin
2025/03/21 14:01:32 Connecting to Slack WebSocket...
2025/03/21 14:01:41 Checking Slack status...
2025/03/21 14:01:41 Connected as: Roman Gerlovin
2025/03/21 14:01:41 Connecting to Slack WebSocket...
2025/03/21 14:01:52 Checking Slack status...
2025/03/21 14:01:53 Connected as: Roman Gerlovin
2025/03/21 14:01:53 Connecting to Slack WebSocket...
2025/03/21 14:07:56 Checking Slack status...
2025/03/21 14:07:56 Connected as: Roman Gerlovin
2025/03/21 14:07:56 Connecting to Slack WebSocket...
2025/03/21 14:07:56 Outside working hours. Next working time: 2025-03-24 07:00:00
2025/03/21 14:08:19 Checking Slack status...
2025/03/21 14:08:20 Connected as: Roman Gerlovin
2025/03/21 14:08:20 Connecting to Slack WebSocket...
2025/03/21 14:08:20 Outside working hours. Next working time: 2025-03-24 07:00:00
2025/03/21 14:08:56 Checking Slack status...
2025/03/21 14:08:56 Connected as: Roman Gerlovin
2025/03/21 14:08:56 Connecting to Slack WebSocket...
2025/03/21 14:09:54 Checking Slack status...
2025/03/21 14:09:54 Connected as: Roman Gerlovin
2025/03/21 14:09:54 Connecting to Slack WebSocket...
2025/03/21 14:09:54 WebSocket connected successfully
2025/03/21 14:11:10 Checking Slack status...
2025/03/21 14:11:10 Connected as: Roman Gerlovin
2025/03/21 14:11:10 Connecting to Slack WebSocket...
2025/03/21 14:11:10 Outside working hours. Next working time: 2025-03-24 07:00:00
2025/03/21 14:11:16 Checking Slack status...
2025/03/21 14:11:17 Connected as: Roman Gerlovin
2025/03/21 14:11:17 Connecting to Slack WebSocket...
2025/03/21 14:11:17 Outside working hours. Next working time: 2025-03-24 07:00:00
2025/03/21 14:12:12 Checking Slack status...
2025/03/21 14:12:13 Connected as: Roman Gerlovin
2025/03/21 14:12:13 Connecting to Slack WebSocket...
2025/03/21 14:12:13 Outside working hours. Next working time: 2025-03-24 09:00:00 (GMT+2)
2025/03/21 14:12:26 Checking Slack status...
2025/03/21 14:12:27 Connected as: Roman Gerlovin
2025/03/21 14:12:27 Connecting to Slack WebSocket...
2025/03/21 14:12:27 WebSocket connected successfully
2025/03/21 14:14:45 Checking Slack status...
2025/03/21 14:14:46 Connected as: Roman Gerlovin
2025/03/21 14:14:46 Connecting to Slack WebSocket...
2025/03/21 14:14:46 WebSocket connected successfully
2025/03/21 14:15:54 Checking Slack status...
2025/03/21 14:15:54 Connected as: Roman Gerlovin
2025/03/21 14:15:54 Connecting to Slack WebSocket...
2025/03/21 14:15:54 Outside working hours. Next working time: 2025-03-24 09:00:00 (GMT+2)
2025/03/21 14:16:13 Checking Slack status...
2025/03/21 14:16:13 Connected as: Roman Gerlovin
2025/03/21 14:16:13 Connecting to Slack WebSocket...
2025/03/21 14:16:14 ERROR: WebSocket connection error: error connecting to WebSocket: websocket: bad handshake
2025/03/21 14:16:14 Reconnecting in 5 seconds...
2025/03/21 14:16:19 ERROR: WebSocket connection error: error connecting to WebSocket: websocket: bad handshake
2025/03/21 14:16:19 Reconnecting in 5 seconds...
2025/03/21 14:16:24 ERROR: WebSocket connection error: error connecting to WebSocket: websocket: bad handshake
2025/03/21 14:16:24 Reconnecting in 5 seconds...
2025/03/21 20:26:53 Checking Slack status...
2025/03/21 20:26:53 Connected as: Roman Gerlovin
2025/03/21 20:26:53 Connecting to Slack WebSocket...
2025/03/21 20:26:53 Outside working hours. Next working time: 2025-03-24 09:00:00 (GMT+2)
